<?xml version="1.0" encoding="UTF-8"?>
<!-- Generated by org.testng.reporters.JUnitXMLReporter -->
<testsuite ignored="0" hostname="LTIN487229" failures="0" tests="7" name="TestEdge" time="83.436" errors="0" timestamp="2024-03-28T16:35:01 IST">
  <testcase classname="onlyone.TC2318922" name="userVerification" time="14.344"/>
  <testcase classname="onlyone.TC2318922" name="beCog" time="8.034"/>
  <testcase classname="onlyone.TC2318922" name="app" time="0.129"/>
  <testcase classname="onlyone.TC2318922" name="news" time="4.053"/>
  <testcase classname="onlyone.TC2318922" name="awards" time="4.05"/>
  <testcase classname="onlyone.TC2318922" name="newsTooltip" time="2.209"/>
  <testcase classname="onlyone.TC2318922" name="awardDetails" time="23.297"/>
</testsuite> <!-- TestEdge -->
